<?xml version="1.0" encoding="UTF-8"?>
<testsuite name="com.example.LastSpring.events.EventControllerTests" tests="1" skipped="0" failures="0" errors="0" timestamp="2023-11-22T07:57:09" hostname="Minjuui-MacBookAir.local" time="0.132">
  <properties/>
  <testcase name="createEvent" classname="com.example.LastSpring.events.EventControllerTests" time="0.132"/>
  <system-out><![CDATA[16:57:07.289 [Test worker] INFO org.springframework.test.context.support.AnnotationConfigContextLoaderUtils -- Could not detect default configuration classes for test class [com.example.LastSpring.events.EventControllerTests]: EventControllerTests does not declare any static, non-private, non-final, nested classes annotated with @Configuration.
16:57:07.374 [Test worker] INFO org.springframework.boot.test.context.SpringBootTestContextBootstrapper -- Found @SpringBootConfiguration com.example.LastSpring.LastSpringApplication for test class com.example.LastSpring.events.EventControllerTests

  .   ____          _            __ _ _
 /\\ / ___'_ __ _ _(_)_ __  __ _ \ \ \ \
( ( )\___ | '_ | '_| | '_ \/ _` | \ \ \ \
 \\/  ___)| |_)| | | | | || (_| |  ) ) ) )
  '  |____| .__|_| |_|_| |_\__, | / / / /
 =========|_|==============|___/=/_/_/_/
 :: Spring Boot ::                (v3.1.5)

2023-11-22T16:57:07.600+09:00  INFO 29151 --- [    Test worker] c.e.L.events.EventControllerTests        : Starting EventControllerTests using Java 20.0.2.1 with PID 29151 (started by minjuchoi in /Users/minjuchoi/Desktop/Coding/spring/GDSC-Springboot-Study)
2023-11-22T16:57:07.601+09:00  INFO 29151 --- [    Test worker] c.e.L.events.EventControllerTests        : No active profile set, falling back to 1 default profile: "default"
2023-11-22T16:57:08.985+09:00  INFO 29151 --- [    Test worker] o.s.b.t.m.w.SpringBootMockServletContext : Initializing Spring TestDispatcherServlet ''
2023-11-22T16:57:08.985+09:00  INFO 29151 --- [    Test worker] o.s.t.web.servlet.TestDispatcherServlet  : Initializing Servlet ''
2023-11-22T16:57:08.987+09:00  INFO 29151 --- [    Test worker] o.s.t.web.servlet.TestDispatcherServlet  : Completed initialization in 1 ms
2023-11-22T16:57:09.007+09:00  INFO 29151 --- [    Test worker] c.e.L.events.EventControllerTests        : Started EventControllerTests in 1.58 seconds (process running for 2.216)

MockHttpServletRequest:
      HTTP Method = POST
      Request URI = /api/events
       Parameters = {}
          Headers = [Content-Type:"application/json;charset=UTF-8", Accept:"application/hal+json", Content-Length:"362"]
             Body = {"id":10,"name":"Spring","description":"REST API Development with Spring","beginEnrollmentDateTime":"2018-11-22T04:15:00","closeEnrollmentDateTime":"2023-11-22T04:16:00","beginEventDateTime":null,"endEventDateTime":"2018-11-23T05:15:00","location":"경기도 고양시 일산서구","basePrice":100,"maxPrice":200,"offline":false,"free":false,"eventStatus":null}
    Session Attrs = {}

Handler:
             Type = com.example.LastSpring.events.EventController
           Method = com.example.LastSpring.events.EventController#createEvent(Event)

Async:
    Async started = false
     Async result = null

Resolved Exception:
             Type = null

ModelAndView:
        View name = null
             View = null
            Model = null

FlashMap:
       Attributes = null

MockHttpServletResponse:
           Status = 201
    Error message = null
          Headers = [Location:"http://localhost/api/events/10", Content-Type:"application/hal+json"]
     Content type = application/hal+json
             Body = {"id":10,"name":"Spring","description":"REST API Development with Spring","beginEnrollmentDateTime":"2018-11-22T04:15:00","closeEnrollmentDateTime":"2023-11-22T04:16:00","beginEventDateTime":null,"endEventDateTime":"2018-11-23T05:15:00","location":"ê²½ê¸°ë]]>&#x8f;<![CDATA[]]>&#x84;<![CDATA[ ê³ ì]]>&#x96;<![CDATA[]]>&#x91;<![CDATA[ì]]>&#x8b;<![CDATA[]]>&#x9c;<![CDATA[ ì]]>&#x9d;<![CDATA[¼ì]]>&#x82;<![CDATA[°ì]]>&#x84;<![CDATA[]]>&#x9c;<![CDATA[êµ¬","basePrice":100,"maxPrice":200,"offline":false,"free":false,"eventStatus":null}
    Forwarded URL = null
   Redirected URL = http://localhost/api/events/10
          Cookies = []
]]></system-out>
  <system-err><![CDATA[]]></system-err>
</testsuite>
